# JRE version: Java(TM) SE Runtime Environment (8.0_191-b12) (build 1.8.0_191-b12)
# Java VM: Java HotSpot(TM) 64-Bit Server VM (25.191-b12 mixed mode windows-amd64 compressed oops)
Heap:
 PSYoungGen      total 106496K, used 70488K [0x00000000d6380000, 0x00000000df880000, 0x0000000100000000)
  eden space 95744K, 62% used [0x00000000d6380000,0x00000000d9dd9138,0x00000000dc100000)
  from space 10752K, 99% used [0x00000000dee00000,0x00000000df87cf68,0x00000000df880000)
  to   space 12288K, 0% used [0x00000000de080000,0x00000000de080000,0x00000000dec80000)
 ParOldGen       total 66560K, used 11540K [0x0000000082a00000, 0x0000000086b00000, 0x00000000d6380000)
  object space 66560K, 17% used [0x0000000082a00000,0x0000000083545380,0x0000000086b00000)
 Metaspace       used 24814K, capacity 25426K, committed 25728K, reserved 1071104K
  class space    used 2866K, capacity 3076K, committed 3200K, reserved 1048576K
GC Heap History (10 events):
Event: 1.387 GC heap before
{Heap before GC invocations=3 (full 0):
 PSYoungGen      total 37888K, used 37865K [0x00000000d6380000, 0x00000000dad80000, 0x0000000100000000)
  eden space 32768K, 100% used [0x00000000d6380000,0x00000000d8380000,0x00000000d8380000)
  from space 5120K, 99% used [0x00000000d8880000,0x00000000d8d7a640,0x00000000d8d80000)
  to   space 5120K, 0% used [0x00000000d8380000,0x00000000d8380000,0x00000000d8880000)
 ParOldGen       total 86016K, used 1446K [0x0000000082a00000, 0x0000000087e00000, 0x00000000d6380000)
  object space 86016K, 1% used [0x0000000082a00000,0x0000000082b69bb8,0x0000000087e00000)
 Metaspace       used 14926K, capacity 15170K, committed 15488K, reserved 1062912K
  class space    used 1825K, capacity 1909K, committed 1920K, reserved 1048576K
Event: 1.395 GC heap after
Heap after GC invocations=3 (full 0):
 PSYoungGen      total 37888K, used 5088K [0x00000000d6380000, 0x00000000dad80000, 0x0000000100000000)
  eden space 32768K, 0% used [0x00000000d6380000,0x00000000d6380000,0x00000000d8380000)
  from space 5120K, 99% used [0x00000000d8380000,0x00000000d8878020,0x00000000d8880000)
  to   space 5120K, 0% used [0x00000000da880000,0x00000000da880000,0x00000000dad80000)
 ParOldGen       total 86016K, used 3923K [0x0000000082a00000, 0x0000000087e00000, 0x00000000d6380000)
  object space 86016K, 4% used [0x0000000082a00000,0x0000000082dd4f58,0x0000000087e00000)
 Metaspace       used 14926K, capacity 15170K, committed 15488K, reserved 1062912K
  class space    used 1825K, capacity 1909K, committed 1920K, reserved 1048576K
}
Event: 1.857 GC heap before
{Heap before GC invocations=4 (full 0):
 PSYoungGen      total 37888K, used 37856K [0x00000000d6380000, 0x00000000dad80000, 0x0000000100000000)
  eden space 32768K, 100% used [0x00000000d6380000,0x00000000d8380000,0x00000000d8380000)
  from space 5120K, 99% used [0x00000000d8380000,0x00000000d8878020,0x00000000d8880000)
  to   space 5120K, 0% used [0x00000000da880000,0x00000000da880000,0x00000000dad80000)
 ParOldGen       total 86016K, used 3923K [0x0000000082a00000, 0x0000000087e00000, 0x00000000d6380000)
  object space 86016K, 4% used [0x0000000082a00000,0x0000000082dd4f58,0x0000000087e00000)
 Metaspace       used 15618K, capacity 15936K, committed 16128K, reserved 1062912K
  class space    used 1894K, capacity 1984K, committed 2048K, reserved 1048576K
Event: 1.866 GC heap after
Heap after GC invocations=4 (full 0):
 PSYoungGen      total 70656K, used 5088K [0x00000000d6380000, 0x00000000dad80000, 0x0000000100000000)
  eden space 65536K, 0% used [0x00000000d6380000,0x00000000d6380000,0x00000000da380000)
  from space 5120K, 99% used [0x00000000da880000,0x00000000dad78020,0x00000000dad80000)
  to   space 5120K, 0% used [0x00000000da380000,0x00000000da380000,0x00000000da880000)
 ParOldGen       total 86016K, used 6004K [0x0000000082a00000, 0x0000000087e00000, 0x00000000d6380000)
  object space 86016K, 6% used [0x0000000082a00000,0x0000000082fdd3d0,0x0000000087e00000)
 Metaspace       used 15618K, capacity 15936K, committed 16128K, reserved 1062912K
  class space    used 1894K, capacity 1984K, committed 2048K, reserved 1048576K
}
Event: 2.763 GC heap before
{Heap before GC invocations=5 (full 0):
 PSYoungGen      total 70656K, used 64939K [0x00000000d6380000, 0x00000000dad80000, 0x0000000100000000)
  eden space 65536K, 91% used [0x00000000d6380000,0x00000000d9df2c18,0x00000000da380000)
  from space 5120K, 99% used [0x00000000da880000,0x00000000dad78020,0x00000000dad80000)
  to   space 5120K, 0% used [0x00000000da380000,0x00000000da380000,0x00000000da880000)
 ParOldGen       total 86016K, used 6004K [0x0000000082a00000, 0x0000000087e00000, 0x00000000d6380000)
  object space 86016K, 6% used [0x0000000082a00000,0x0000000082fdd3d0,0x0000000087e00000)
 Metaspace       used 20533K, capacity 21050K, committed 21248K, reserved 1067008K
  class space    used 2497K, capacity 2689K, committed 2816K, reserved 1048576K
Event: 2.774 GC heap after
Heap after GC invocations=5 (full 0):
 PSYoungGen      total 70656K, used 5100K [0x00000000d6380000, 0x00000000df880000, 0x0000000100000000)
  eden space 65536K, 0% used [0x00000000d6380000,0x00000000d6380000,0x00000000da380000)
  from space 5120K, 99% used [0x00000000da380000,0x00000000da87b350,0x00000000da880000)
  to   space 10752K, 0% used [0x00000000dee00000,0x00000000dee00000,0x00000000df880000)
 ParOldGen       total 86016K, used 10846K [0x0000000082a00000, 0x0000000087e00000, 0x00000000d6380000)
  object space 86016K, 12% used [0x0000000082a00000,0x0000000083497a50,0x0000000087e00000)
 Metaspace       used 20533K, capacity 21050K, committed 21248K, reserved 1067008K
  class space    used 2497K, capacity 2689K, committed 2816K, reserved 1048576K
}
Event: 2.774 GC heap before
{Heap before GC invocations=6 (full 1):
 PSYoungGen      total 70656K, used 5100K [0x00000000d6380000, 0x00000000df880000, 0x0000000100000000)
  eden space 65536K, 0% used [0x00000000d6380000,0x00000000d6380000,0x00000000da380000)
  from space 5120K, 99% used [0x00000000da380000,0x00000000da87b350,0x00000000da880000)
  to   space 10752K, 0% used [0x00000000dee00000,0x00000000dee00000,0x00000000df880000)
 ParOldGen       total 86016K, used 10846K [0x0000000082a00000, 0x0000000087e00000, 0x00000000d6380000)
  object space 86016K, 12% used [0x0000000082a00000,0x0000000083497a50,0x0000000087e00000)
 Metaspace       used 20533K, capacity 21050K, committed 21248K, reserved 1067008K
  class space    used 2497K, capacity 2689K, committed 2816K, reserved 1048576K
Event: 2.815 GC heap after
Heap after GC invocations=6 (full 1):
 PSYoungGen      total 70656K, used 0K [0x00000000d6380000, 0x00000000df880000, 0x0000000100000000)
  eden space 65536K, 0% used [0x00000000d6380000,0x00000000d6380000,0x00000000da380000)
  from space 5120K, 0% used [0x00000000da380000,0x00000000da380000,0x00000000da880000)
  to   space 10752K, 0% used [0x00000000dee00000,0x00000000dee00000,0x00000000df880000)
 ParOldGen       total 66560K, used 11418K [0x0000000082a00000, 0x0000000086b00000, 0x00000000d6380000)
  object space 66560K, 17% used [0x0000000082a00000,0x0000000083526bd0,0x0000000086b00000)
 Metaspace       used 20533K, capacity 21050K, committed 21248K, reserved 1067008K
  class space    used 2497K, capacity 2689K, committed 2816K, reserved 1048576K
}
Event: 4.263 GC heap before
{Heap before GC invocations=7 (full 1):
 PSYoungGen      total 70656K, used 65536K [0x00000000d6380000, 0x00000000df880000, 0x0000000100000000)
  eden space 65536K, 100% used [0x00000000d6380000,0x00000000da380000,0x00000000da380000)
  from space 5120K, 0% used [0x00000000da380000,0x00000000da380000,0x00000000da880000)
  to   space 10752K, 0% used [0x00000000dee00000,0x00000000dee00000,0x00000000df880000)
 ParOldGen       total 66560K, used 11418K [0x0000000082a00000, 0x0000000086b00000, 0x00000000d6380000)
  object space 66560K, 17% used [0x0000000082a00000,0x0000000083526bd0,0x0000000086b00000)
 Metaspace       used 23653K, capacity 24242K, committed 24576K, reserved 1071104K
  class space    used 2765K, capacity 2980K, committed 3072K, reserved 1048576K
Event: 4.273 GC heap after
Heap after GC invocations=7 (full 1):
 PSYoungGen      total 106496K, used 10739K [0x00000000d6380000, 0x00000000df880000, 0x0000000100000000)
  eden space 95744K, 0% used [0x00000000d6380000,0x00000000d6380000,0x00000000dc100000)
  from space 10752K, 99% used [0x00000000dee00000,0x00000000df87cf68,0x00000000df880000)
  to   space 12288K, 0% used [0x00000000de080000,0x00000000de080000,0x00000000dec80000)
 ParOldGen       total 66560K, used 11540K [0x0000000082a00000, 0x0000000086b00000, 0x00000000d6380000)
  object space 66560K, 17% used [0x0000000082a00000,0x0000000083545380,0x0000000086b00000)
 Metaspace       used 23653K, capacity 24242K, committed 24576K, reserved 1071104K
  class space    used 2765K, capacity 2980K, committed 3072K, reserved 1048576K
}

